Determining if the pthread_create exist failed with the following output:
Change Dir: /home/heyijia/slam_ws/BASolver/rootBA/bin/CMakeFiles/CMakeTmp

Run Build Command:"/usr/bin/make" "cmTC_45c5d/fast"
/usr/bin/make -f CMakeFiles/cmTC_45c5d.dir/build.make CMakeFiles/cmTC_45c5d.dir/build
make[1]: 进入目录“/home/heyijia/slam_ws/BASolver/rootBA/bin/CMakeFiles/CMakeTmp”
Building C object CMakeFiles/cmTC_45c5d.dir/CheckSymbolExists.c.o
/usr/bin/cc    -o CMakeFiles/cmTC_45c5d.dir/CheckSymbolExists.c.o   -c /home/heyijia/slam_ws/BASolver/rootBA/bin/CMakeFiles/CMakeTmp/CheckSymbolExists.c
Linking C executable cmTC_45c5d
/usr/bin/cmake -E cmake_link_script CMakeFiles/cmTC_45c5d.dir/link.txt --verbose=1
/usr/bin/cc      CMakeFiles/cmTC_45c5d.dir/CheckSymbolExists.c.o  -o cmTC_45c5d 
CMakeFiles/cmTC_45c5d.dir/CheckSymbolExists.c.o：在函数‘main’中：
CheckSymbolExists.c:(.text+0x1b)：对‘pthread_create’未定义的引用
collect2: error: ld returned 1 exit status
CMakeFiles/cmTC_45c5d.dir/build.make:97: recipe for target 'cmTC_45c5d' failed
make[1]: *** [cmTC_45c5d] Error 1
make[1]: 离开目录“/home/heyijia/slam_ws/BASolver/rootBA/bin/CMakeFiles/CMakeTmp”
Makefile:126: recipe for target 'cmTC_45c5d/fast' failed
make: *** [cmTC_45c5d/fast] Error 2

File /home/heyijia/slam_ws/BASolver/rootBA/bin/CMakeFiles/CMakeTmp/CheckSymbolExists.c:
/* */
#include <pthread.h>

int main(int argc, char** argv)
{
  (void)argv;
#ifndef pthread_create
  return ((int*)(&pthread_create))[argc];
#else
  (void)argc;
  return 0;
#endif
}

Determining if the function pthread_create exists in the pthreads failed with the following output:
Change Dir: /home/heyijia/slam_ws/BASolver/rootBA/bin/CMakeFiles/CMakeTmp

Run Build Command:"/usr/bin/make" "cmTC_85f33/fast"
/usr/bin/make -f CMakeFiles/cmTC_85f33.dir/build.make CMakeFiles/cmTC_85f33.dir/build
make[1]: 进入目录“/home/heyijia/slam_ws/BASolver/rootBA/bin/CMakeFiles/CMakeTmp”
Building C object CMakeFiles/cmTC_85f33.dir/CheckFunctionExists.c.o
/usr/bin/cc   -DCHECK_FUNCTION_EXISTS=pthread_create   -o CMakeFiles/cmTC_85f33.dir/CheckFunctionExists.c.o   -c /usr/share/cmake-3.10/Modules/CheckFunctionExists.c
Linking C executable cmTC_85f33
/usr/bin/cmake -E cmake_link_script CMakeFiles/cmTC_85f33.dir/link.txt --verbose=1
/usr/bin/cc  -DCHECK_FUNCTION_EXISTS=pthread_create    CMakeFiles/cmTC_85f33.dir/CheckFunctionExists.c.o  -o cmTC_85f33 -lpthreads 
/usr/bin/ld: 找不到 -lpthreads
collect2: error: ld returned 1 exit status
CMakeFiles/cmTC_85f33.dir/build.make:97: recipe for target 'cmTC_85f33' failed
make[1]: *** [cmTC_85f33] Error 1
make[1]: 离开目录“/home/heyijia/slam_ws/BASolver/rootBA/bin/CMakeFiles/CMakeTmp”
Makefile:126: recipe for target 'cmTC_85f33/fast' failed
make: *** [cmTC_85f33/fast] Error 2


